<?xml version="1.0" encoding="UTF-8"?>
<testsuites name="jest tests" tests="125" failures="4" errors="0" time="5.437">
  <testsuite name="azure-postgres\integration.test.ts" errors="0" failures="0" skipped="0" timestamp="2026-01-30T23:37:17" time="3.275" tests="2">
    <testcase classname="azure-postgres - Integration Tests" name="invokes azure-postgres skill for passwordless authentication prompt" time="0.106">
    </testcase>
    <testcase classname="azure-postgres - Integration Tests" name="invokes azure-postgres skill for managed identity connection prompt" time="0.001">
    </testcase>
  </testsuite>
  <testsuite name="azure-nodejs-production\integration.test.ts" errors="0" failures="0" skipped="0" timestamp="2026-01-30T23:37:17" time="3.454" tests="2">
    <testcase classname="azure-nodejs-production - Integration Tests" name="invokes azure-nodejs-production skill for Express trust proxy prompt" time="0.137">
    </testcase>
    <testcase classname="azure-nodejs-production - Integration Tests" name="invokes azure-nodejs-production skill for Node.js production config prompt" time="0">
    </testcase>
  </testsuite>
  <testsuite name="azure-role-selector\integration.test.ts" errors="0" failures="0" skipped="0" timestamp="2026-01-30T23:37:17" time="3.409" tests="3">
    <testcase classname="azure-role-selector - Integration Tests" name="invokes azure-role-selector skill for AcrPull prompt" time="0.075">
    </testcase>
    <testcase classname="azure-role-selector - Integration Tests" name="recommends Storage Blob Data Reader for blob read access" time="0">
    </testcase>
    <testcase classname="azure-role-selector - Integration Tests" name="recommends Key Vault Secrets User for secret access" time="0">
    </testcase>
  </testsuite>
  <testsuite name="azure-security\integration.test.ts" errors="0" failures="0" skipped="0" timestamp="2026-01-30T23:37:17" time="3.443" tests="2">
    <testcase classname="azure-security - Integration Tests" name="invokes azure-security skill for Key Vault secrets prompt" time="0.109">
    </testcase>
    <testcase classname="azure-security - Integration Tests" name="invokes azure-security skill for managed identity prompt" time="0">
    </testcase>
  </testsuite>
  <testsuite name="azure-security-hardening\integration.test.ts" errors="0" failures="0" skipped="0" timestamp="2026-01-30T23:37:17" time="3.493" tests="2">
    <testcase classname="azure-security-hardening - Integration Tests" name="invokes azure-security-hardening skill for Zero Trust prompt" time="0.068">
    </testcase>
    <testcase classname="azure-security-hardening - Integration Tests" name="invokes azure-security-hardening skill for security checklist prompt" time="0.001">
    </testcase>
  </testsuite>
  <testsuite name="azure-keyvault-expiration-audit\integration.test.ts" errors="0" failures="0" skipped="0" timestamp="2026-01-30T23:37:17" time="3.615" tests="2">
    <testcase classname="azure-keyvault-expiration-audit - Integration Tests" name="invokes azure-keyvault-expiration-audit skill for expired secrets prompt" time="0.174">
    </testcase>
    <testcase classname="azure-keyvault-expiration-audit - Integration Tests" name="invokes azure-keyvault-expiration-audit skill for expiring keys prompt" time="0">
    </testcase>
  </testsuite>
  <testsuite name="azure-storage\integration.test.ts" errors="0" failures="0" skipped="0" timestamp="2026-01-30T23:37:17" time="3.643" tests="2">
    <testcase classname="azure-storage - Integration Tests" name="invokes azure-storage skill for blob storage prompt" time="0.209">
    </testcase>
    <testcase classname="azure-storage - Integration Tests" name="invokes azure-storage skill for storage tiers prompt" time="0">
    </testcase>
  </testsuite>
  <testsuite name="azure-resource-visualizer\integration.test.ts" errors="0" failures="0" skipped="0" timestamp="2026-01-30T23:37:17" time="3.626" tests="2">
    <testcase classname="azure-resource-visualizer - Integration Tests" name="invokes azure-resource-visualizer skill for architecture diagram prompt" time="0.047">
    </testcase>
    <testcase classname="azure-resource-visualizer - Integration Tests" name="invokes azure-resource-visualizer skill for resource relationships prompt" time="0.001">
    </testcase>
  </testsuite>
  <testsuite name="azure-validate\integration.test.ts" errors="0" failures="0" skipped="0" timestamp="2026-01-30T23:37:17" time="3.686" tests="4">
    <testcase classname="azure-validate - Integration Tests" name="invokes azure-validate skill for deployment readiness check" time="0.045">
    </testcase>
    <testcase classname="azure-validate - Integration Tests" name="invokes azure-validate skill for azure.yaml validation prompt" time="0.001">
    </testcase>
    <testcase classname="azure-validate - Integration Tests" name="invokes azure-validate skill for Bicep validation prompt" time="0">
    </testcase>
    <testcase classname="azure-validate - Integration Tests" name="invokes azure-validate skill for what-if analysis prompt" time="0.001">
    </testcase>
  </testsuite>
  <testsuite name="azure-cost-estimation\integration.test.ts" errors="0" failures="0" skipped="0" timestamp="2026-01-30T23:37:17" time="3.71" tests="2">
    <testcase classname="azure-cost-estimation - Integration Tests" name="invokes azure-cost-estimation skill for Bicep cost estimation prompt" time="0.039">
    </testcase>
    <testcase classname="azure-cost-estimation - Integration Tests" name="invokes azure-cost-estimation skill for infrastructure pricing prompt" time="0.001">
    </testcase>
  </testsuite>
  <testsuite name="microsoft-foundry\integration.test.ts" errors="0" failures="0" skipped="0" timestamp="2026-01-30T23:37:17" time="3.667" tests="2">
    <testcase classname="microsoft-foundry - Integration Tests" name="invokes microsoft-foundry skill for AI model deployment prompt" time="0.075">
    </testcase>
    <testcase classname="microsoft-foundry - Integration Tests" name="invokes microsoft-foundry skill for RAG application prompt" time="0.001">
    </testcase>
  </testsuite>
  <testsuite name="azure-ai\integration.test.ts" errors="0" failures="0" skipped="0" timestamp="2026-01-30T23:37:17" time="3.743" tests="2">
    <testcase classname="azure-ai - Integration Tests" name="invokes azure-ai skill for AI Search query prompt" time="0.039">
    </testcase>
    <testcase classname="azure-ai - Integration Tests" name="invokes azure-ai skill for Azure OpenAI prompt" time="0.001">
    </testcase>
  </testsuite>
  <testsuite name="azure-functions\integration.test.ts" errors="0" failures="0" skipped="0" timestamp="2026-01-30T23:37:17" time="3.787" tests="2">
    <testcase classname="azure-functions - Integration Tests" name="invokes azure-functions skill for serverless function prompt" time="0.057">
    </testcase>
    <testcase classname="azure-functions - Integration Tests" name="invokes azure-functions skill for timer trigger prompt" time="0.001">
    </testcase>
  </testsuite>
  <testsuite name="azure-networking\integration.test.ts" errors="0" failures="0" skipped="0" timestamp="2026-01-30T23:37:17" time="3.835" tests="2">
    <testcase classname="azure-networking - Integration Tests" name="invokes azure-networking skill for private endpoint prompt" time="0.099">
    </testcase>
    <testcase classname="azure-networking - Integration Tests" name="invokes azure-networking skill for VNet hub-spoke prompt" time="0.001">
    </testcase>
  </testsuite>
  <testsuite name="azure-cost-optimization\integration.test.ts" errors="0" failures="0" skipped="0" timestamp="2026-01-30T23:37:17" time="3.87" tests="2">
    <testcase classname="azure-cost-optimization - Integration Tests" name="invokes azure-cost-optimization skill for cost savings prompt" time="0.16">
    </testcase>
    <testcase classname="azure-cost-optimization - Integration Tests" name="invokes azure-cost-optimization skill for orphaned resources prompt" time="0.001">
    </testcase>
  </testsuite>
  <testsuite name="azure-deploy\integration.test.ts" errors="0" failures="0" skipped="0" timestamp="2026-01-30T23:37:17" time="3.856" tests="2">
    <testcase classname="azure-deploy - Integration Tests" name="invokes azure-deploy skill for deployment prompt" time="0.042">
    </testcase>
    <testcase classname="azure-deploy - Integration Tests" name="invokes azure-deploy skill for publish to Azure prompt" time="0">
    </testcase>
  </testsuite>
  <testsuite name="azure-observability\integration.test.ts" errors="0" failures="0" skipped="0" timestamp="2026-01-30T23:37:17" time="3.857" tests="2">
    <testcase classname="azure-observability - Integration Tests" name="invokes azure-observability skill for Azure Monitor prompt" time="0.022">
    </testcase>
    <testcase classname="azure-observability - Integration Tests" name="invokes azure-observability skill for Log Analytics KQL prompt" time="0">
    </testcase>
  </testsuite>
  <testsuite name="azure-create-app\integration.test.ts" errors="0" failures="0" skipped="0" timestamp="2026-01-30T23:37:17" time="3.901" tests="2">
    <testcase classname="azure-create-app - Integration Tests" name="invokes azure-create-app skill for azure.yaml creation prompt" time="0.02">
    </testcase>
    <testcase classname="azure-create-app - Integration Tests" name="invokes azure-create-app skill for azd init prompt" time="0.001">
    </testcase>
  </testsuite>
  <testsuite name="azure-quick-review\integration.test.ts" errors="0" failures="0" skipped="0" timestamp="2026-01-30T23:37:17" time="3.979" tests="2">
    <testcase classname="azure-quick-review - Integration Tests" name="invokes azure-quick-review skill for compliance assessment prompt" time="0.025">
    </testcase>
    <testcase classname="azure-quick-review - Integration Tests" name="invokes azure-quick-review skill for best practices review prompt" time="0">
    </testcase>
  </testsuite>
  <testsuite name="appinsights-instrumentation\integration.test.ts" errors="0" failures="4" skipped="0" timestamp="2026-01-30T23:37:17" time="3.992" tests="4">
    <testcase classname="appinsights-instrumentation - Integration Tests" name="invokes skill for App Insights instrumentation request" time="0.019">
      <failure>Error: Failed to load @github/copilot-sdk. Ensure Node.js has ESM support and the SDK is installed. Error: A dynamic import callback was invoked without --experimental-vm-modules
TypeError: A dynamic import callback was invoked without --experimental-vm-modules
    at importModuleDynamicallyCallback (node:internal/modules/esm/utils:264:11)
    at eval (eval at getCopilotClient (D:\dev\microsoft\GitHub-Copilot-for-Azure\tests\utils\agent-runner.ts:69:29), &lt;anonymous&gt;:1:10)
    at getCopilotClient (D:\dev\microsoft\GitHub-Copilot-for-Azure\tests\utils\agent-runner.ts:70:25)
    at processTicksAndRejections (node:internal/process/task_queues:105:5)
    at run (D:\dev\microsoft\GitHub-Copilot-for-Azure\tests\utils\agent-runner.ts:88:25)
    at Object.&lt;anonymous&gt; (D:\dev\microsoft\GitHub-Copilot-for-Azure\tests\appinsights-instrumentation\integration.test.ts:31:27)
    at getCopilotClient (D:\dev\microsoft\GitHub-Copilot-for-Azure\tests\utils\agent-runner.ts:77:22)
    at processTicksAndRejections (node:internal/process/task_queues:105:5)
    at run (D:\dev\microsoft\GitHub-Copilot-for-Azure\tests\utils\agent-runner.ts:88:25)
    at Object.&lt;anonymous&gt; (D:\dev\microsoft\GitHub-Copilot-for-Azure\tests\appinsights-instrumentation\integration.test.ts:31:27)</failure>
    </testcase>
    <testcase classname="appinsights-instrumentation - Integration Tests" name="response mentions auto-instrumentation for ASP.NET Core" time="0">
      <failure>Error: Failed to load @github/copilot-sdk. Ensure Node.js has ESM support and the SDK is installed. Error: A dynamic import callback was invoked without --experimental-vm-modules
TypeError: A dynamic import callback was invoked without --experimental-vm-modules
    at importModuleDynamicallyCallback (node:internal/modules/esm/utils:264:11)
    at eval (eval at getCopilotClient (D:\dev\microsoft\GitHub-Copilot-for-Azure\tests\utils\agent-runner.ts:69:29), &lt;anonymous&gt;:1:10)
    at getCopilotClient (D:\dev\microsoft\GitHub-Copilot-for-Azure\tests\utils\agent-runner.ts:70:25)
    at processTicksAndRejections (node:internal/process/task_queues:105:5)
    at run (D:\dev\microsoft\GitHub-Copilot-for-Azure\tests\utils\agent-runner.ts:88:25)
    at Object.&lt;anonymous&gt; (D:\dev\microsoft\GitHub-Copilot-for-Azure\tests\appinsights-instrumentation\integration.test.ts:31:27)
    at getCopilotClient (D:\dev\microsoft\GitHub-Copilot-for-Azure\tests\utils\agent-runner.ts:77:22)
    at processTicksAndRejections (node:internal/process/task_queues:105:5)
    at run (D:\dev\microsoft\GitHub-Copilot-for-Azure\tests\utils\agent-runner.ts:88:25)
    at Object.&lt;anonymous&gt; (D:\dev\microsoft\GitHub-Copilot-for-Azure\tests\appinsights-instrumentation\integration.test.ts:31:27)</failure>
    </testcase>
    <testcase classname="appinsights-instrumentation - Integration Tests" name="invokes skill for Node.js telemetry request" time="0">
      <failure>Error: Failed to load @github/copilot-sdk. Ensure Node.js has ESM support and the SDK is installed. Error: A dynamic import callback was invoked without --experimental-vm-modules
TypeError: A dynamic import callback was invoked without --experimental-vm-modules
    at importModuleDynamicallyCallback (node:internal/modules/esm/utils:264:11)
    at eval (eval at getCopilotClient (D:\dev\microsoft\GitHub-Copilot-for-Azure\tests\utils\agent-runner.ts:69:29), &lt;anonymous&gt;:1:10)
    at getCopilotClient (D:\dev\microsoft\GitHub-Copilot-for-Azure\tests\utils\agent-runner.ts:70:25)
    at processTicksAndRejections (node:internal/process/task_queues:105:5)
    at run (D:\dev\microsoft\GitHub-Copilot-for-Azure\tests\utils\agent-runner.ts:88:25)
    at Object.&lt;anonymous&gt; (D:\dev\microsoft\GitHub-Copilot-for-Azure\tests\appinsights-instrumentation\integration.test.ts:31:27)
    at getCopilotClient (D:\dev\microsoft\GitHub-Copilot-for-Azure\tests\utils\agent-runner.ts:77:22)
    at processTicksAndRejections (node:internal/process/task_queues:105:5)
    at run (D:\dev\microsoft\GitHub-Copilot-for-Azure\tests\utils\agent-runner.ts:88:25)
    at Object.&lt;anonymous&gt; (D:\dev\microsoft\GitHub-Copilot-for-Azure\tests\appinsights-instrumentation\integration.test.ts:31:27)</failure>
    </testcase>
    <testcase classname="appinsights-instrumentation - Integration Tests" name="mentions App Insights in response" time="0.001">
      <failure>Error: Failed to load @github/copilot-sdk. Ensure Node.js has ESM support and the SDK is installed. Error: A dynamic import callback was invoked without --experimental-vm-modules
TypeError: A dynamic import callback was invoked without --experimental-vm-modules
    at importModuleDynamicallyCallback (node:internal/modules/esm/utils:264:11)
    at eval (eval at getCopilotClient (D:\dev\microsoft\GitHub-Copilot-for-Azure\tests\utils\agent-runner.ts:69:29), &lt;anonymous&gt;:1:10)
    at getCopilotClient (D:\dev\microsoft\GitHub-Copilot-for-Azure\tests\utils\agent-runner.ts:70:25)
    at processTicksAndRejections (node:internal/process/task_queues:105:5)
    at run (D:\dev\microsoft\GitHub-Copilot-for-Azure\tests\utils\agent-runner.ts:88:25)
    at Object.&lt;anonymous&gt; (D:\dev\microsoft\GitHub-Copilot-for-Azure\tests\appinsights-instrumentation\integration.test.ts:31:27)
    at getCopilotClient (D:\dev\microsoft\GitHub-Copilot-for-Azure\tests\utils\agent-runner.ts:77:22)
    at processTicksAndRejections (node:internal/process/task_queues:105:5)
    at run (D:\dev\microsoft\GitHub-Copilot-for-Azure\tests\utils\agent-runner.ts:88:25)
    at Object.&lt;anonymous&gt; (D:\dev\microsoft\GitHub-Copilot-for-Azure\tests\appinsights-instrumentation\integration.test.ts:31:27)</failure>
    </testcase>
  </testsuite>
  <testsuite name="appinsights-instrumentation\unit.test.ts" errors="0" failures="0" skipped="0" timestamp="2026-01-30T23:37:17" time="4.003" tests="13">
    <testcase classname="appinsights-instrumentation - Unit Tests › Skill Metadata" name="has valid SKILL.md with required fields" time="0.011">
    </testcase>
    <testcase classname="appinsights-instrumentation - Unit Tests › Skill Metadata" name="description mentions instrumentation or telemetry" time="0.001">
    </testcase>
    <testcase classname="appinsights-instrumentation - Unit Tests › Skill Content" name="has substantive content" time="0">
    </testcase>
    <testcase classname="appinsights-instrumentation - Unit Tests › Skill Content" name="contains when to use section" time="0.001">
    </testcase>
    <testcase classname="appinsights-instrumentation - Unit Tests › Skill Content" name="documents prerequisites" time="0.001">
    </testcase>
    <testcase classname="appinsights-instrumentation - Unit Tests › Skill Content" name="documents guidelines section" time="0">
    </testcase>
    <testcase classname="appinsights-instrumentation - Unit Tests › Skill Content" name="mentions auto-instrumentation" time="0">
    </testcase>
    <testcase classname="appinsights-instrumentation - Unit Tests › Skill Content" name="references manual instrumentation guides" time="0.001">
    </testcase>
    <testcase classname="appinsights-instrumentation - Unit Tests › Skill Content" name="mentions creating AppInsights resource" time="0">
    </testcase>
    <testcase classname="appinsights-instrumentation - Unit Tests › Skill Content" name="references example files" time="0">
    </testcase>
    <testcase classname="appinsights-instrumentation - Unit Tests › Supported Technologies" name="lists ASP.NET Core as supported" time="0.001">
    </testcase>
    <testcase classname="appinsights-instrumentation - Unit Tests › Supported Technologies" name="lists Node.js as supported" time="0">
    </testcase>
    <testcase classname="appinsights-instrumentation - Unit Tests › Supported Technologies" name="lists Python as supported" time="0">
    </testcase>
  </testsuite>
  <testsuite name="appinsights-instrumentation\triggers.test.ts" errors="0" failures="0" skipped="0" timestamp="2026-01-30T23:37:17" time="4.01" tests="23">
    <testcase classname="appinsights-instrumentation - Trigger Tests › Should Trigger" name="triggers on: &quot;Instrument my webapp to send telemetry to App Insights&quot;" time="0.013">
    </testcase>
    <testcase classname="appinsights-instrumentation - Trigger Tests › Should Trigger" name="triggers on: &quot;How do I instrument my app with Azure App Insights?&quot;" time="0">
    </testcase>
    <testcase classname="appinsights-instrumentation - Trigger Tests › Should Trigger" name="triggers on: &quot;Add AppInsights instrumentation to my web application&quot;" time="0.001">
    </testcase>
    <testcase classname="appinsights-instrumentation - Trigger Tests › Should Trigger" name="triggers on: &quot;Add App Insights instrumentation to my Node.js app&quot;" time="0.001">
    </testcase>
    <testcase classname="appinsights-instrumentation - Trigger Tests › Should Trigger" name="triggers on: &quot;Configure Application Insights for my Python webapp&quot;" time="0">
    </testcase>
    <testcase classname="appinsights-instrumentation - Trigger Tests › Should Trigger" name="triggers on: &quot;Set up telemetry monitoring in Azure&quot;" time="0">
    </testcase>
    <testcase classname="appinsights-instrumentation - Trigger Tests › Should Trigger" name="triggers on: &quot;Instrument my application to send data to App Insights&quot;" time="0.001">
    </testcase>
    <testcase classname="appinsights-instrumentation - Trigger Tests › Should Trigger" name="triggers on: &quot;Add observability to my Azure web application&quot;" time="0">
    </testcase>
    <testcase classname="appinsights-instrumentation - Trigger Tests › Should Trigger" name="triggers on: &quot;How to enable App Insights auto-instrumentation?&quot;" time="0">
    </testcase>
    <testcase classname="appinsights-instrumentation - Trigger Tests › Should Trigger" name="triggers on: &quot;Configure telemetry for my Azure App Service&quot;" time="0.001">
    </testcase>
    <testcase classname="appinsights-instrumentation - Trigger Tests › Should NOT Trigger" name="does not trigger on: &quot;What is the weather today?&quot;" time="0">
    </testcase>
    <testcase classname="appinsights-instrumentation - Trigger Tests › Should NOT Trigger" name="does not trigger on: &quot;Help me write a poem&quot;" time="0.003">
    </testcase>
    <testcase classname="appinsights-instrumentation - Trigger Tests › Should NOT Trigger" name="does not trigger on: &quot;Explain quantum computing&quot;" time="0">
    </testcase>
    <testcase classname="appinsights-instrumentation - Trigger Tests › Should NOT Trigger" name="does not trigger on: &quot;How do I use AWS CloudWatch?&quot;" time="0">
    </testcase>
    <testcase classname="appinsights-instrumentation - Trigger Tests › Should NOT Trigger" name="does not trigger on: &quot;Deploy my application to Heroku&quot;" time="0.001">
    </testcase>
    <testcase classname="appinsights-instrumentation - Trigger Tests › Should NOT Trigger" name="does not trigger on: &quot;What is the best pizza topping?&quot;" time="0">
    </testcase>
    <testcase classname="appinsights-instrumentation - Trigger Tests › Should NOT Trigger" name="does not trigger on: &quot;Configure logging in Spring Boot&quot;" time="0">
    </testcase>
    <testcase classname="appinsights-instrumentation - Trigger Tests › Should NOT Trigger" name="does not trigger on: &quot;Set up Datadog monitoring&quot;" time="0">
    </testcase>
    <testcase classname="appinsights-instrumentation - Trigger Tests › Trigger Keywords Snapshot" name="skill keywords match snapshot" time="0.003">
    </testcase>
    <testcase classname="appinsights-instrumentation - Trigger Tests › Trigger Keywords Snapshot" name="skill description triggers match snapshot" time="0.001">
    </testcase>
    <testcase classname="appinsights-instrumentation - Trigger Tests › Edge Cases" name="handles empty prompt" time="0.001">
    </testcase>
    <testcase classname="appinsights-instrumentation - Trigger Tests › Edge Cases" name="handles very long prompt" time="0">
    </testcase>
    <testcase classname="appinsights-instrumentation - Trigger Tests › Edge Cases" name="is case insensitive for Azure and App Insights terms" time="0.001">
    </testcase>
  </testsuite>
  <testsuite name="azure-validate\triggers.test.ts" errors="0" failures="0" skipped="0" timestamp="2026-01-30T23:37:17" time="4.02" tests="26">
    <testcase classname="azure-validate - Trigger Tests › Should Trigger" name="triggers on: &quot;Check if my app is ready to deploy to Azure&quot;" time="0.019">
    </testcase>
    <testcase classname="azure-validate - Trigger Tests › Should Trigger" name="triggers on: &quot;Validate my azure.yaml configuration&quot;" time="0">
    </testcase>
    <testcase classname="azure-validate - Trigger Tests › Should Trigger" name="triggers on: &quot;Run preflight checks before Azure deployment&quot;" time="0.001">
    </testcase>
    <testcase classname="azure-validate - Trigger Tests › Should Trigger" name="triggers on: &quot;Test my deployment preview&quot;" time="0.001">
    </testcase>
    <testcase classname="azure-validate - Trigger Tests › Should Trigger" name="triggers on: &quot;Troubleshoot deployment errors&quot;" time="0.001">
    </testcase>
    <testcase classname="azure-validate - Trigger Tests › Should Trigger" name="triggers on: &quot;Verify my infrastructure configuration before deploying&quot;" time="0">
    </testcase>
    <testcase classname="azure-validate - Trigger Tests › Should Trigger" name="triggers on: &quot;Is my app ready for Azure deployment?&quot;" time="0">
    </testcase>
    <testcase classname="azure-validate - Trigger Tests › Should Trigger" name="triggers on: &quot;Validate my Bicep configuration&quot;" time="0">
    </testcase>
    <testcase classname="azure-validate - Trigger Tests › Should Trigger" name="triggers on: &quot;Preview what changes will be made to Azure&quot;" time="0.002">
    </testcase>
    <testcase classname="azure-validate - Trigger Tests › Should Trigger" name="triggers on: &quot;Validate my Bicep template before deploying to Azure&quot;" time="0">
    </testcase>
    <testcase classname="azure-validate - Trigger Tests › Should Trigger" name="triggers on: &quot;Run a what-if analysis to preview changes before deploying my infrastructure&quot;" time="0">
    </testcase>
    <testcase classname="azure-validate - Trigger Tests › Should Trigger" name="triggers on: &quot;Check my deployment permissions before running azd up&quot;" time="0.001">
    </testcase>
    <testcase classname="azure-validate - Trigger Tests › Should Trigger" name="triggers on: &quot;Preview Azure infrastructure changes with what-if deployment&quot;" time="0">
    </testcase>
    <testcase classname="azure-validate - Trigger Tests › Should Trigger" name="triggers on: &quot;Verify my Bicep files are valid before provisioning&quot;" time="0">
    </testcase>
    <testcase classname="azure-validate - Trigger Tests › Should NOT Trigger" name="does not trigger on: &quot;What is the weather today?&quot;" time="0.001">
    </testcase>
    <testcase classname="azure-validate - Trigger Tests › Should NOT Trigger" name="does not trigger on: &quot;Help me write a poem&quot;" time="0">
    </testcase>
    <testcase classname="azure-validate - Trigger Tests › Should NOT Trigger" name="does not trigger on: &quot;Explain quantum computing&quot;" time="0">
    </testcase>
    <testcase classname="azure-validate - Trigger Tests › Should NOT Trigger" name="does not trigger on: &quot;Help me with AWS S3 bucket naming&quot;" time="0">
    </testcase>
    <testcase classname="azure-validate - Trigger Tests › Should NOT Trigger" name="does not trigger on: &quot;Deploy my application to Heroku&quot;" time="0">
    </testcase>
    <testcase classname="azure-validate - Trigger Tests › Should NOT Trigger" name="does not trigger on: &quot;What is the best pizza topping?&quot;" time="0">
    </testcase>
    <testcase classname="azure-validate - Trigger Tests › Should NOT Trigger" name="does not trigger on: &quot;How do I use Docker?&quot;" time="0">
    </testcase>
    <testcase classname="azure-validate - Trigger Tests › Trigger Keywords Snapshot" name="skill keywords match snapshot" time="0.003">
    </testcase>
    <testcase classname="azure-validate - Trigger Tests › Trigger Keywords Snapshot" name="skill description triggers match snapshot" time="0.001">
    </testcase>
    <testcase classname="azure-validate - Trigger Tests › Edge Cases" name="handles empty prompt" time="0">
    </testcase>
    <testcase classname="azure-validate - Trigger Tests › Edge Cases" name="handles very long prompt" time="0.001">
    </testcase>
    <testcase classname="azure-validate - Trigger Tests › Edge Cases" name="is case insensitive for Azure terms" time="0">
    </testcase>
  </testsuite>
  <testsuite name="azure-diagnostics\integration.test.ts" errors="0" failures="0" skipped="0" timestamp="2026-01-30T23:37:17" time="4.104" tests="2">
    <testcase classname="azure-diagnostics - Integration Tests" name="invokes azure-diagnostics skill for Container Apps troubleshooting prompt" time="0.019">
    </testcase>
    <testcase classname="azure-diagnostics - Integration Tests" name="invokes azure-diagnostics skill for image pull failure prompt" time="0">
    </testcase>
  </testsuite>
  <testsuite name="azure-kusto\integration.test.ts" errors="0" failures="0" skipped="0" timestamp="2026-01-30T23:37:17" time="4.19" tests="2">
    <testcase classname="azure-kusto - Integration Tests" name="invokes azure-kusto skill for KQL query prompt" time="0.019">
    </testcase>
    <testcase classname="azure-kusto - Integration Tests" name="invokes azure-kusto skill for Kusto time series prompt" time="0">
    </testcase>
  </testsuite>
  <testsuite name="azure-aigateway\integration.test.ts" errors="0" failures="0" skipped="0" timestamp="2026-01-30T23:37:17" time="4.108" tests="2">
    <testcase classname="azure-aigateway - Integration Tests" name="invokes azure-aigateway skill for API Management gateway prompt" time="0.018">
    </testcase>
    <testcase classname="azure-aigateway - Integration Tests" name="invokes azure-aigateway skill for rate limiting prompt" time="0">
    </testcase>
  </testsuite>
  <testsuite name="azure-validate\unit.test.ts" errors="0" failures="0" skipped="0" timestamp="2026-01-30T23:37:17" time="4.23" tests="10">
    <testcase classname="azure-validate - Unit Tests › Skill Metadata" name="has valid SKILL.md with required fields" time="0.008">
    </testcase>
    <testcase classname="azure-validate - Unit Tests › Skill Metadata" name="description mentions validation or deployment readiness" time="0">
    </testcase>
    <testcase classname="azure-validate - Unit Tests › Skill Content" name="has substantive content" time="0">
    </testcase>
    <testcase classname="azure-validate - Unit Tests › Skill Content" name="contains triggers section" time="0.001">
    </testcase>
    <testcase classname="azure-validate - Unit Tests › Skill Content" name="documents the workflow steps" time="0">
    </testcase>
    <testcase classname="azure-validate - Unit Tests › Skill Content" name="references azure-prepare prerequisite" time="0.001">
    </testcase>
    <testcase classname="azure-validate - Unit Tests › Skill Content" name="references azure-deploy as next step" time="0">
    </testcase>
    <testcase classname="azure-validate - Unit Tests › Skill Content" name="mentions manifest file" time="0">
    </testcase>
    <testcase classname="azure-validate - Unit Tests › Workflow Integration" name="documents recipe references" time="0.001">
    </testcase>
    <testcase classname="azure-validate - Unit Tests › Workflow Integration" name="mentions validation status requirement" time="0">
    </testcase>
  </testsuite>
  <testsuite name="entra-app-registration\integration.test.ts" errors="0" failures="0" skipped="0" timestamp="2026-01-30T23:37:17" time="4.343" tests="2">
    <testcase classname="entra-app-registration - Integration Tests" name="invokes entra-app-registration skill for OAuth app registration prompt" time="0.018">
    </testcase>
    <testcase classname="entra-app-registration - Integration Tests" name="invokes entra-app-registration skill for API permissions prompt" time="0">
    </testcase>
  </testsuite>
</testsuites>